#
# There is insufficient memory for the Java Runtime Environment to continue.
# Native memory allocation (malloc) failed to allocate 205696 bytes for Chunk::new
# Possible reasons:
#   The system is out of physical RAM or swap space
#   In 32 bit mode, the process size limit was hit
# Possible solutions:
#   Reduce memory load on the system
#   Increase physical memory or swap space
#   Check if swap backing store is full
#   Use 64 bit Java on a 64 bit OS
#   Decrease Java heap size (-Xmx/-Xms)
#   Decrease number of Java threads
#   Decrease Java thread stack sizes (-Xss)
#   Set larger code cache with -XX:ReservedCodeCacheSize=
# This output file may be truncated or incomplete.
#
#  Out of Memory Error (allocation.cpp:390), pid=18268, tid=0x00000000000044b8
#
# JRE version: OpenJDK Runtime Environment (8.0_112-b06) (build 1.8.0_112-release-b06)
# Java VM: OpenJDK 64-Bit Server VM (25.112-b06 mixed mode windows-amd64 compressed oops)
# Failed to write core dump. Minidumps are not enabled by default on client versions of Windows
#

---------------  T H R E A D  ---------------

Current thread (0x000000001a429800):  JavaThread "C2 CompilerThread2" daemon [_thread_in_native, id=17592, stack(0x000000001add0000,0x000000001aed0000)]

Stack: [0x000000001add0000,0x000000001aed0000]
[error occurred during error reporting (printing stack bounds), id 0xc0000005]

Native frames: (J=compiled Java code, j=interpreted, Vv=VM code, C=native code)


Current CompileTask:
C2:   1922 1443   !   4       java.lang.ClassLoader::loadClass (122 bytes)


---------------  P R O C E S S  ---------------

Java Threads: ( => current thread )
  0x000000001bbf1000 JavaThread "background-preinit" [_thread_in_vm, id=2088, stack(0x000000001cf60000,0x000000001d060000)]
  0x000000001a4e8000 JavaThread "Service Thread" daemon [_thread_blocked, id=13344, stack(0x000000001afd0000,0x000000001b0d0000)]
  0x000000001a477000 JavaThread "C1 CompilerThread3" daemon [_thread_blocked, id=8880, stack(0x000000001aed0000,0x000000001afd0000)]
=>0x000000001a429800 JavaThread "C2 CompilerThread2" daemon [_thread_in_native, id=17592, stack(0x000000001add0000,0x000000001aed0000)]
  0x000000001a422800 JavaThread "C2 CompilerThread1" daemon [_thread_blocked, id=3956, stack(0x000000001acd0000,0x000000001add0000)]
  0x000000001a420800 JavaThread "C2 CompilerThread0" daemon [_thread_blocked, id=7444, stack(0x000000001abd0000,0x000000001acd0000)]
  0x000000001a415000 JavaThread "Monitor Ctrl-Break" daemon [_thread_in_native, id=6084, stack(0x000000001aad0000,0x000000001abd0000)]
  0x000000001a401000 JavaThread "Attach Listener" daemon [_thread_blocked, id=8808, stack(0x000000001a9d0000,0x000000001aad0000)]
  0x000000001a3ad000 JavaThread "Signal Dispatcher" daemon [_thread_blocked, id=2380, stack(0x000000001a8d0000,0x000000001a9d0000)]
  0x000000001a390800 JavaThread "Finalizer" daemon [_thread_blocked, id=15816, stack(0x000000001a770000,0x000000001a870000)]
  0x000000000343e000 JavaThread "Reference Handler" daemon [_thread_blocked, id=18316, stack(0x000000001a270000,0x000000001a370000)]
  0x0000000003347000 JavaThread "main" [_thread_in_native_trans, id=6560, stack(0x0000000003180000,0x0000000003280000)]

Other Threads:
  0x00000000184a7000 VMThread [stack: 0x000000001a170000,0x000000001a270000] [id=17368]
  0x000000001a4eb800 WatcherThread [stack: 0x000000001b0d0000,0x000000001b1d0000] [id=16620]

VM state:not at safepoint (normal execution)

VM Mutex/Monitor currently owned by a thread: None

Heap:
 PSYoungGen      total 38400K, used 23783K [0x00000000d5f80000, 0x00000000d8a00000, 0x0000000100000000)
  eden space 33280K, 56% used [0x00000000d5f80000,0x00000000d71bc258,0x00000000d8000000)
  from space 5120K, 99% used [0x00000000d8500000,0x00000000d89fdb40,0x00000000d8a00000)
  to   space 5120K, 0% used [0x00000000d8000000,0x00000000d8000000,0x00000000d8500000)
 ParOldGen       total 87552K, used 3251K [0x0000000081e00000, 0x0000000087380000, 0x00000000d5f80000)
  object space 87552K, 3% used [0x0000000081e00000,0x000000008212ceb0,0x0000000087380000)
 Metaspace       used 20184K, capacity 20728K, committed 20864K, reserved 1067008K
  class space    used 2476K, capacity 2614K, committed 2688K, reserved 1048576K

Card table byte_map: [0x0000000012900000,0x0000000012d00000] byte_map_base: 0x00000000124f1000

Marking Bits: (ParMarkBitMap*) 0x000000006b2718f0
 Begin Bits: [0x00000000137b0000, 0x0000000015738000)
 End Bits:   [0x0000000015738000, 0x00000000176c0000)

Polling page: 0x0000000001060000

CodeCache: size=245760Kb used=4883Kb max_used=4887Kb free=240876Kb
 bounds [0x0000000003540000, 0x0000000003a10000, 0x0000000012540000]
 total_blobs=1816 nmethods=1445 adapters=285
 compilation: enabled

Compilation events (10 events):
Event: 1.899 Thread 0x000000001a477000 nmethod 1441 0x0000000003a03c90 code [0x0000000003a03e80, 0x0000000003a04748]
Event: 1.899 Thread 0x000000001a477000 1440       1       java.lang.reflect.Method::getAnnotationBytes (5 bytes)
Event: 1.899 Thread 0x000000001a477000 nmethod 1440 0x00000000039e06d0 code [0x00000000039e0820, 0x00000000039e0930]
Event: 1.905 Thread 0x000000001a420800 1442       4       java.io.WinNTFileSystem::prefixLength (91 bytes)
Event: 1.907 Thread 0x000000001a429800 1443   !   4       java.lang.ClassLoader::loadClass (122 bytes)
Event: 1.907 Thread 0x000000001a420800 nmethod 1442 0x0000000003a07890 code [0x0000000003a079e0, 0x0000000003a07bf8]
Event: 1.912 Thread 0x000000001a422800 1444       4       java.io.File::isInvalid (47 bytes)
Event: 1.915 Thread 0x000000001a422800 nmethod 1444 0x0000000003a05b50 code [0x0000000003a05ca0, 0x0000000003a05e78]
Event: 1.918 Thread 0x000000001a477000 1446   !   3       org.codehaus.groovy.util.LazyReference::getLocked (85 bytes)
Event: 1.919 Thread 0x000000001a477000 nmethod 1446 0x0000000003a097d0 code [0x0000000003a09a40, 0x0000000003a0ac98]

GC Heap History (8 events):
Event: 0.809 GC heap before
{Heap before GC invocations=1 (full 0):
 PSYoungGen      total 38400K, used 33280K [0x00000000d5f80000, 0x00000000d8a00000, 0x0000000100000000)
  eden space 33280K, 100% used [0x00000000d5f80000,0x00000000d8000000,0x00000000d8000000)
  from space 5120K, 0% used [0x00000000d8500000,0x00000000d8500000,0x00000000d8a00000)
  to   space 5120K, 0% used [0x00000000d8000000,0x00000000d8000000,0x00000000d8500000)
 ParOldGen       total 87552K, used 0K [0x0000000081e00000, 0x0000000087380000, 0x00000000d5f80000)
  object space 87552K, 0% used [0x0000000081e00000,0x0000000081e00000,0x0000000087380000)
 Metaspace       used 8193K, capacity 8392K, committed 8448K, reserved 1056768K
  class space    used 934K, capacity 1008K, committed 1024K, reserved 1048576K
Event: 0.815 GC heap after
Heap after GC invocations=1 (full 0):
 PSYoungGen      total 38400K, used 4376K [0x00000000d5f80000, 0x00000000d8a00000, 0x0000000100000000)
  eden space 33280K, 0% used [0x00000000d5f80000,0x00000000d5f80000,0x00000000d8000000)
  from space 5120K, 85% used [0x00000000d8000000,0x00000000d8446390,0x00000000d8500000)
  to   space 5120K, 0% used [0x00000000d8500000,0x00000000d8500000,0x00000000d8a00000)
 ParOldGen       total 87552K, used 16K [0x0000000081e00000, 0x0000000087380000, 0x00000000d5f80000)
  object space 87552K, 0% used [0x0000000081e00000,0x0000000081e04000,0x0000000087380000)
 Metaspace       used 8193K, capacity 8392K, committed 8448K, reserved 1056768K
  class space    used 934K, capacity 1008K, committed 1024K, reserved 1048576K
}
Event: 1.271 GC heap before
{Heap before GC invocations=2 (full 0):
 PSYoungGen      total 38400K, used 37656K [0x00000000d5f80000, 0x00000000d8a00000, 0x0000000100000000)
  eden space 33280K, 100% used [0x00000000d5f80000,0x00000000d8000000,0x00000000d8000000)
  from space 5120K, 85% used [0x00000000d8000000,0x00000000d8446390,0x00000000d8500000)
  to   space 5120K, 0% used [0x00000000d8500000,0x00000000d8500000,0x00000000d8a00000)
 ParOldGen       total 87552K, used 16K [0x0000000081e00000, 0x0000000087380000, 0x00000000d5f80000)
  object space 87552K, 0% used [0x0000000081e00000,0x0000000081e04000,0x0000000087380000)
 Metaspace       used 12516K, capacity 12874K, committed 13184K, reserved 1060864K
  class space    used 1464K, capacity 1577K, committed 1664K, reserved 1048576K
Event: 1.283 GC heap after
Heap after GC invocations=2 (full 0):
 PSYoungGen      total 38400K, used 5088K [0x00000000d5f80000, 0x00000000d8a00000, 0x0000000100000000)
  eden space 33280K, 0% used [0x00000000d5f80000,0x00000000d5f80000,0x00000000d8000000)
  from space 5120K, 99% used [0x00000000d8500000,0x00000000d89f8268,0x00000000d8a00000)
  to   space 5120K, 0% used [0x00000000d8000000,0x00000000d8000000,0x00000000d8500000)
 ParOldGen       total 87552K, used 382K [0x0000000081e00000, 0x0000000087380000, 0x00000000d5f80000)
  object space 87552K, 0% used [0x0000000081e00000,0x0000000081e5f8e8,0x0000000087380000)
 Metaspace       used 12516K, capacity 12874K, committed 13184K, reserved 1060864K
  class space    used 1464K, capacity 1577K, committed 1664K, reserved 1048576K
}
Event: 1.599 GC heap before
{Heap before GC invocations=3 (full 0):
 PSYoungGen      total 38400K, used 38368K [0x00000000d5f80000, 0x00000000d8a00000, 0x0000000100000000)
  eden space 33280K, 100% used [0x00000000d5f80000,0x00000000d8000000,0x00000000d8000000)
  from space 5120K, 99% used [0x00000000d8500000,0x00000000d89f8268,0x00000000d8a00000)
  to   space 5120K, 0% used [0x00000000d8000000,0x00000000d8000000,0x00000000d8500000)
 ParOldGen       total 87552K, used 382K [0x0000000081e00000, 0x0000000087380000, 0x00000000d5f80000)
  object space 87552K, 0% used [0x0000000081e00000,0x0000000081e5f8e8,0x0000000087380000)
 Metaspace       used 15319K, capacity 15804K, committed 15872K, reserved 1062912K
  class space    used 1917K, capacity 2042K, committed 2048K, reserved 1048576K
Event: 1.614 GC heap after
Heap after GC invocations=3 (full 0):
 PSYoungGen      total 38400K, used 5093K [0x00000000d5f80000, 0x00000000d8a00000, 0x0000000100000000)
  eden space 33280K, 0% used [0x00000000d5f80000,0x00000000d5f80000,0x00000000d8000000)
  from space 5120K, 99% used [0x00000000d8000000,0x00000000d84f9488,0x00000000d8500000)
  to   space 5120K, 0% used [0x00000000d8500000,0x00000000d8500000,0x00000000d8a00000)
 ParOldGen       total 87552K, used 1163K [0x0000000081e00000, 0x0000000087380000, 0x00000000d5f80000)
  object space 87552K, 1% used [0x0000000081e00000,0x0000000081f22d38,0x0000000087380000)
 Metaspace       used 15319K, capacity 15804K, committed 15872K, reserved 1062912K
  class space    used 1917K, capacity 2042K, committed 2048K, reserved 1048576K
}
Event: 1.832 GC heap before
{Heap before GC invocations=4 (full 0):
 PSYoungGen      total 38400K, used 38373K [0x00000000d5f80000, 0x00000000d8a00000, 0x0000000100000000)
  eden space 33280K, 100% used [0x00000000d5f80000,0x00000000d8000000,0x00000000d8000000)
  from space 5120K, 99% used [0x00000000d8000000,0x00000000d84f9488,0x00000000d8500000)
  to   space 5120K, 0% used [0x00000000d8500000,0x00000000d8500000,0x00000000d8a00000)
 ParOldGen       total 87552K, used 1163K [0x0000000081e00000, 0x0000000087380000, 0x00000000d5f80000)
  object space 87552K, 1% used [0x0000000081e00000,0x0000000081f22d38,0x0000000087380000)
 Metaspace       used 17733K, capacity 18190K, committed 18304K, reserved 1064960K
  class space    used 2269K, capacity 2385K, committed 2432K, reserved 1048576K
Event: 1.840 GC heap after
Heap after GC invocations=4 (full 0):
 PSYoungGen      total 38400K, used 5110K [0x00000000d5f80000, 0x00000000d8a00000, 0x0000000100000000)
  eden space 33280K, 0% used [0x00000000d5f80000,0x00000000d5f80000,0x00000000d8000000)
  from space 5120K, 99% used [0x00000000d8500000,0x00000000d89fdb40,0x00000000d8a00000)
  to   space 5120K, 0% used [0x00000000d8000000,0x00000000d8000000,0x00000000d8500000)
 ParOldGen       total 87552K, used 3251K [0x0000000081e00000, 0x0000000087380000, 0x00000000d5f80000)
  object space 87552K, 3% used [0x0000000081e00000,0x000000008212ceb0,0x0000000087380000)
 Metaspace       used 17733K, capacity 18190K, committed 18304K, reserved 1064960K
  class space    used 2269K, capacity 2385K, committed 2432K, reserved 1048576K
}

Deoptimization events (10 events):
Event: 0.824 Thread 0x0000000003347000 Uncommon trap: reason=unstable_if action=reinterpret pc=0x00000000036f67f8 method=java.lang.String.indexOf([CII[CIII)I @ 3
Event: 0.924 Thread 0x0000000003347000 Uncommon trap: reason=range_check action=make_not_entrant pc=0x00000000037df920 method=sun.reflect.generics.parser.SignatureParser.current()C @ 34
Event: 0.997 Thread 0x0000000003347000 Uncommon trap: reason=unstable_if action=reinterpret pc=0x00000000038746c8 method=java.util.HashMap.hash(Ljava/lang/Object;)I @ 1
Event: 0.997 Thread 0x0000000003347000 Uncommon trap: reason=unstable_if action=reinterpret pc=0x00000000037f7028 method=java.util.HashMap.hash(Ljava/lang/Object;)I @ 1
Event: 1.486 Thread 0x0000000003347000 Uncommon trap: reason=unstable_if action=reinterpret pc=0x00000000037ed920 method=java.util.HashMap.hash(Ljava/lang/Object;)I @ 1
Event: 1.498 Thread 0x0000000003347000 Uncommon trap: reason=unstable_if action=reinterpret pc=0x000000000392fa18 method=java.net.URL.<init>(Ljava/net/URL;Ljava/lang/String;Ljava/net/URLStreamHandler;)V @ 347
Event: 1.506 Thread 0x0000000003347000 Uncommon trap: reason=unstable_if action=reinterpret pc=0x0000000003940638 method=java.util.concurrent.ConcurrentHashMap.putVal(Ljava/lang/Object;Ljava/lang/Object;Z)Ljava/lang/Object; @ 113
Event: 1.639 Thread 0x0000000003347000 Uncommon trap: reason=null_assert action=make_not_entrant pc=0x000000000370d170 method=java.util.zip.ZipEntry.<init>(Ljava/util/zip/ZipEntry;)V @ 70
Event: 1.665 Thread 0x0000000003347000 Uncommon trap: reason=unstable_if action=reinterpret pc=0x000000000369f55c method=sun.nio.cs.UTF_8$Encoder.encode([CII[B)I @ 33
Event: 1.705 Thread 0x0000000003347000 Uncommon trap: reason=unstable_if action=reinterpret pc=0x00000000038d8c0c method=java.util.jar.Manifest$FastInputStream.readLine([BII)I @ 87

Internal exceptions (10 events):
Event: 0.829 Thread 0x0000000003347000 Exception <a 'java/lang/NoSuchMethodError': java.lang.Object.lambda$comparing$77a9974f$1(Ljava/util/function/Function;Ljava/lang/Object;Ljava/lang/Object;)I> (0x00000000d6008de8) thrown at [C:\src\android\AOSP-openjdk\external\jetbrains\jdk\hotspot\src\sha¯ŽÖHí?
Event: 0.915 Thread 0x0000000003347000 Exception <a 'java/lang/NoSuchMethodError': java.lang.Object.lambda$static$0(Ljava/lang/Object;)Ljava/lang/Object;> (0x00000000d6657028) thrown at [C:\src\android\AOSP-openjdk\external\jetbrains\jdk\hotspot\src\share\vm\interpreter\linkResolver.cpp, line 5+÷³B‘í?
Event: 0.924 Thread 0x0000000003347000 Exception <a 'java/lang/ArrayIndexOutOfBoundsException': 18> (0x00000000d679b7b0) thrown at [C:\src\android\AOSP-openjdk\external\jetbrains\jdk\hotspot\src\share\vm\interpreter\interpreterRuntime.cpp, line 366]
Event: 0.924 Thread 0x0000000003347000 Exception <a 'java/lang/ArrayIndexOutOfBoundsException': 182> (0x00000000d679dd18) thrown at [C:\src\android\AOSP-openjdk\external\jetbrains\jdk\hotspot\src\share\vm\interpreter\interpreterRuntime.cpp, line 366]
Event: 0.925 Thread 0x0000000003347000 Exception <a 'java/lang/ArrayIndexOutOfBoundsException': 60> (0x00000000d67a00a8) thrown at [C:\src\android\AOSP-openjdk\external\jetbrains\jdk\hotspot\src\share\vm\interpreter\interpreterRuntime.cpp, line 366]
Event: 0.997 Thread 0x0000000003347000 Implicit null exception at 0x0000000003873ddb to 0x00000000038746ad
Event: 0.997 Thread 0x0000000003347000 Implicit null exception at 0x00000000037f6faf to 0x00000000037f7019
Event: 1.359 Thread 0x0000000003347000 Exception <a 'java/lang/NoSuchMethodError': java.lang.Object.lambda$chars$0()Ljava/util/Spliterator$OfInt;> (0x00000000d6521018) thrown at [C:\src\android\AOSP-openjdk\external\jetbrains\jdk\hotspot\src\share\vm\interpreter\linkResolver.cpp, line 582]
Event: 1.486 Thread 0x0000000003347000 Implicit null exception at 0x00000000037ed715 to 0x00000000037ed911
Event: 1.630 Thread 0x0000000003347000 Exception <a 'java/io/FileNotFoundException'> (0x00000000d61583a8) thrown at [C:\src\android\AOSP-openjdk\external\jetbrains\jdk\hotspot\src\share\vm\prims\jni.cpp, line 709]

Events (10 events):
Event: 1.919 loading class org/codehaus/groovy/runtime/metaclass/MetaMethodIndex$EntryIterator
Event: 1.919 loading class org/codehaus/groovy/runtime/metaclass/MetaMethodIndex$EntryIterator done
Event: 1.920 loading class org/codehaus/groovy/runtime/metaclass/MetaMethodIndex$Entry
Event: 1.920 loading class org/codehaus/groovy/runtime/metaclass/MetaMethodIndex$Entry done
Event: 1.920 loading class com/fasterxml/jackson/core/json/UTF8DataInputJsonParser
Event: 1.920 loading class com/fasterxml/jackson/core/json/UTF8DataInputJsonParser done
Event: 1.920 loading class org/codehaus/groovy/util/SingleKeyHashMap$Entry
Event: 1.920 loading class org/codehaus/groovy/util/SingleKeyHashMap$Entry done
Event: 1.920 loading class org/codehaus/groovy/runtime/metaclass/MetaMethodIndex$Header
Event: 1.920 loading class org/codehaus/groovy/runtime/metaclass/MetaMethodIndex$Header done


Dynamic libraries:
0x00007ff76ed30000 - 0x00007ff76ed61000 	E:\android studio\jre\bin\java.exe
0x00007ffd6cff0000 - 0x00007ffd6d1d1000 	C:\WINDOWS\SYSTEM32\ntdll.dll
0x00007ffd6a4e0000 - 0x00007ffd6a591000 	C:\WINDOWS\System32\KERNEL32.DLL
0x00007ffd693c0000 - 0x00007ffd69633000 	C:\WINDOWS\System32\KERNELBASE.dll
0x00007ffd6c300000 - 0x00007ffd6c3a1000 	C:\WINDOWS\System32\ADVAPI32.dll
0x00007ffd6bfa0000 - 0x00007ffd6c03e000 	C:\WINDOWS\System32\msvcrt.dll
0x00007ffd6c040000 - 0x00007ffd6c09b000 	C:\WINDOWS\System32\sechost.dll
0x00007ffd6c870000 - 0x00007ffd6c994000 	C:\WINDOWS\System32\RPCRT4.dll
0x00007ffd6cdc0000 - 0x00007ffd6cf50000 	C:\WINDOWS\System32\USER32.dll
0x00007ffd696c0000 - 0x00007ffd696e0000 	C:\WINDOWS\System32\win32u.dll
0x00007ffd6a770000 - 0x00007ffd6a798000 	C:\WINDOWS\System32\GDI32.dll
0x00007ffd6a1e0000 - 0x00007ffd6a372000 	C:\WINDOWS\System32\gdi32full.dll
0x00007ffd69840000 - 0x00007ffd698df000 	C:\WINDOWS\System32\msvcp_win.dll
0x00007ffd696e0000 - 0x00007ffd697d8000 	C:\WINDOWS\System32\ucrtbase.dll
0x00007ffd61c40000 - 0x00007ffd61ea9000 	C:\WINDOWS\WinSxS\amd64_microsoft.windows.common-controls_6595b64144ccf1df_6.0.17134.765_none_fb42a1a930655896\COMCTL32.dll
0x00007ffd6a830000 - 0x00007ffd6ab52000 	C:\WINDOWS\System32\combase.dll
0x00007ffd69640000 - 0x00007ffd696ba000 	C:\WINDOWS\System32\bcryptPrimitives.dll
0x00007ffd6cb00000 - 0x00007ffd6cb2d000 	C:\WINDOWS\System32\IMM32.DLL
0x000000006b2f0000 - 0x000000006b3c2000 	E:\android studio\jre\jre\bin\msvcr100.dll
0x000000006aab0000 - 0x000000006b2ec000 	E:\android studio\jre\jre\bin\server\jvm.dll
0x00007ffd6a7a0000 - 0x00007ffd6a7a8000 	C:\WINDOWS\System32\PSAPI.DLL
0x00007ffd655a0000 - 0x00007ffd655aa000 	C:\WINDOWS\SYSTEM32\VERSION.dll
0x00007ffd5bad0000 - 0x00007ffd5baf3000 	C:\WINDOWS\SYSTEM32\WINMM.dll
0x00007ffd63370000 - 0x00007ffd63379000 	C:\WINDOWS\SYSTEM32\WSOCK32.dll
0x00007ffd6cf50000 - 0x00007ffd6cfbc000 	C:\WINDOWS\System32\WS2_32.dll
0x00007ffd5baa0000 - 0x00007ffd5baca000 	C:\WINDOWS\SYSTEM32\WINMMBASE.dll
0x00007ffd6a380000 - 0x00007ffd6a3c9000 	C:\WINDOWS\System32\cfgmgr32.dll
0x00007ffd65840000 - 0x00007ffd6584f000 	E:\android studio\jre\jre\bin\verify.dll
0x00007ffd590c0000 - 0x00007ffd590e9000 	E:\android studio\jre\jre\bin\java.dll
0x00007ffd66190000 - 0x00007ffd661b3000 	E:\android studio\jre\jre\bin\instrument.dll
0x00007ffd590a0000 - 0x00007ffd590b6000 	E:\android studio\jre\jre\bin\zip.dll
0x00007ffd6ab60000 - 0x00007ffd6bfa0000 	C:\WINDOWS\System32\SHELL32.dll
0x00007ffd6c250000 - 0x00007ffd6c2f9000 	C:\WINDOWS\System32\shcore.dll
0x00007ffd698e0000 - 0x00007ffd69fed000 	C:\WINDOWS\System32\windows.storage.dll
0x00007ffd6a670000 - 0x00007ffd6a6c1000 	C:\WINDOWS\System32\shlwapi.dll
0x00007ffd693a0000 - 0x00007ffd693b1000 	C:\WINDOWS\System32\kernel.appcore.dll
0x00007ffd69360000 - 0x00007ffd6937f000 	C:\WINDOWS\System32\profapi.dll
0x00007ffd69300000 - 0x00007ffd6934c000 	C:\WINDOWS\System32\powrprof.dll
0x00007ffd69350000 - 0x00007ffd6935a000 	C:\WINDOWS\System32\FLTLIB.DLL
0x00007ffd66170000 - 0x00007ffd6618a000 	H:\idea\IntelliJ IDEA 2019.1\bin\breakgen64.dll
0x00007ffd59080000 - 0x00007ffd5909a000 	E:\android studio\jre\jre\bin\net.dll
0x00007ffd68ad0000 - 0x00007ffd68b36000 	C:\WINDOWS\system32\mswsock.dll
0x00007ffd4f440000 - 0x00007ffd4f451000 	E:\android studio\jre\jre\bin\nio.dll
0x00007ffd66210000 - 0x00007ffd6621d000 	E:\android studio\jre\jre\bin\management.dll
0x00007ffd537d0000 - 0x00007ffd537e6000 	C:\WINDOWS\system32\napinsp.dll
0x00007ffd537b0000 - 0x00007ffd537ca000 	C:\WINDOWS\system32\pnrpnsp.dll
0x00007ffd66100000 - 0x00007ffd66119000 	C:\WINDOWS\system32\NLAapi.dll
0x00007ffd688a0000 - 0x00007ffd6895e000 	C:\WINDOWS\SYSTEM32\DNSAPI.dll
0x00007ffd6c860000 - 0x00007ffd6c868000 	C:\WINDOWS\System32\NSI.dll
0x00007ffd68860000 - 0x00007ffd68898000 	C:\WINDOWS\SYSTEM32\IPHLPAPI.DLL
0x00007ffd537a0000 - 0x00007ffd537ae000 	C:\WINDOWS\System32\winrnr.dll
0x00007ffd63cd0000 - 0x00007ffd63cda000 	C:\Windows\System32\rasadhlp.dll
0x00007ffd64320000 - 0x00007ffd64392000 	C:\WINDOWS\System32\fwpuclnt.dll
0x00007ffd68ea0000 - 0x00007ffd68ec5000 	C:\WINDOWS\SYSTEM32\bcrypt.dll

VM Arguments:
jvm_args: -ea -Didea.test.cyclic.buffer.size=1048576 -javaagent:H:\idea\IntelliJ IDEA 2019.1\lib\idea_rt.jar=62464:H:\idea\IntelliJ IDEA 2019.1\bin -Dfile.encoding=UTF-8 
java_command: com.intellij.rt.execution.junit.JUnitStarter -ideVersion5 -junit4 com.rss.zcx.demo.DemoApplicationTests,contextLoads
java_class_path (initial): H:\idea\IntelliJ IDEA 2019.1\lib\idea_rt.jar;H:\idea\IntelliJ IDEA 2019.1\plugins\junit\lib\junit-rt.jar;H:\idea\IntelliJ IDEA 2019.1\plugins\junit\lib\junit5-rt.jar;E:\android studio\jre\jre\lib\charsets.jar;E:\android studio\jre\jre\lib\ext\access-bridge-64.jar;E:\android studio\jre\jre\lib\ext\cldrdata.jar;E:\android studio\jre\jre\lib\ext\dnsns.jar;E:\android studio\jre\jre\lib\ext\jaccess.jar;E:\android studio\jre\jre\lib\ext\localedata.jar;E:\android studio\jre\jre\lib\ext\nashorn.jar;E:\android studio\jre\jre\lib\ext\sunec.jar;E:\android studio\jre\jre\lib\ext\sunjce_provider.jar;E:\android studio\jre\jre\lib\ext\sunmscapi.jar;E:\android studio\jre\jre\lib\ext\sunpkcs11.jar;E:\android studio\jre\jre\lib\ext\zipfs.jar;E:\android studio\jre\jre\lib\jce.jar;E:\android studio\jre\jre\lib\jsse.jar;E:\android studio\jre\jre\lib\management-agent.jar;E:\android studio\jre\jre\lib\resources.jar;E:\android studio\jre\jre\lib\rt.jar;D:\QQMSG\1218029121\FileRecv\demo\target\test-classes;D:\QQMSG\1218029121\FileRecv\demo\target\classes;C:\Users\Administrator\.m2\repository\org\springframework\boot\spring-boot-starter-data-redis\2.1.4.RELEASE\spring-boot-starter-data-redis-2.1.4.RELEASE.jar;C:\Users\Administrator\.m2\repository\org\springframework\boot\spring-boot-starter\2.1.4.RELEASE\spring-boot-starter-2.1.4.RELEASE.jar;C:\Users\Administrator\.m2\repository\org\springframework\boot\spring-boot\2.1.4.RELEASE\spring-boot-2.1.4.RELEASE.jar;C:\Users\Administrator\.m2\repository\org\springframework\boot\spring-boot-autoconfigure\2.1.4.RELEASE\spring-boot-autoconfigure-2.1.4.RELEASE.jar;C:\Users\Administrator\.m2\repository\org\springframework\boot\spring-boot-starter-logging\2.1.4.RELEASE\spring-boot-starter-logging-2.1.4.RELEASE.jar;C:\Users\Administrator\.m2\repository\ch\qos\logback\logback-classic\1.2.3\logback-classic-1.2.3.jar;C:\Users\Administrator\.m2\repository\ch\qos\logback\logback-core\1.2.3\logback-core-1.2.3.jar;C:\Users\Administrat
Launcher Type: SUN_STANDARD

Environment Variables:
PATH=C:\ProgramData\DockerDesktop\version-bin;C:\Program Files\Docker\Docker\Resources\bin;F:\Program Files\Python37\Scripts\;F:\Program Files\Python37\;C:\WINDOWS\system32;C:\WINDOWS;C:\WINDOWS\System32\Wbem;C:\WINDOWS\System32\WindowsPowerShell\v1.0\;E:\android studio\jre\bin;C:\WINDOWS\System32\OpenSSH\;C:\Program Files (x86)\Calibre2\;C:\Program Files\nodejs\;C:\Program Files (x86)\sbt\bin;%GRADLE_HOME%\bin;C:\Program Files (x86)\Intel\Phone Flash Tool;C:\Go\bin;F:\Program Files\PuTTY\;C:\Users\Administrator\AppData\Local\Microsoft\WindowsApps;F:\webtool\WebStorm 2018.3.4\bin;;E:\vscode\Microsoft VS Code\bin;C:\Users\Administrator\AppData\Roaming\npm;h:\Program Files\JetBrains\IntelliJ IDEA 2018.3.5\bin;;gradle-5.2.1\bin;C:\Users\Administrator\go\bin;C:\Go\bin;
USERNAME=¶Ìºü
OS=Windows_NT
PROCESSOR_IDENTIFIER=Intel64 Family 6 Model 94 Stepping 3, GenuineIntel



---------------  S Y S T E M  ---------------

OS: Windows 10.0 , 64 bit Build 17134 (10.0.17134.753)

CPU:total 8 (4 cores per cpu, 2 threads per core) family 6 model 94 stepping 3, cmov, cx8, fxsr, mmx, sse, sse2, sse3, ssse3, sse4.1, sse4.2, popcnt, avx, avx2, aes, clmul, erms, rtm, 3dnowpref, lzcnt, ht, tsc, tscinvbit, bmi1, bmi2, adx

Memory: 4k page, physical 8261160k(542600k free), swap 16008876k(5648k free)

vm_info: OpenJDK 64-Bit Server VM (25.112-b06) for windows-amd64 JRE (1.8.0_112-release-b06), built on Dec  8 2016 00:54:26 by "builder" with MS VC++ 10.0 (VS2010)

time: Wed May 22 07:49:43 2019
elapsed time: 1 seconds (0d 0h 0m 1s)

