#
# There is insufficient memory for the Java Runtime Environment to continue.
# Native memory allocation (malloc) failed to allocate 1064336 bytes for Chunk::new
# Possible reasons:
#   The system is out of physical RAM or swap space
#   In 32 bit mode, the process size limit was hit
# Possible solutions:
#   Reduce memory load on the system
#   Increase physical memory or swap space
#   Check if swap backing store is full
#   Use 64 bit Java on a 64 bit OS
#   Decrease Java heap size (-Xmx/-Xms)
#   Decrease number of Java threads
#   Decrease Java thread stack sizes (-Xss)
#   Set larger code cache with -XX:ReservedCodeCacheSize=
# This output file may be truncated or incomplete.
#
#  Out of Memory Error (allocation.cpp:390), pid=6372, tid=0x0000000000002c08
#
# JRE version: OpenJDK Runtime Environment (8.0_112-b06) (build 1.8.0_112-release-b06)
# Java VM: OpenJDK 64-Bit Server VM (25.112-b06 mixed mode windows-amd64 compressed oops)
# Failed to write core dump. Minidumps are not enabled by default on client versions of Windows
#

---------------  T H R E A D  ---------------

Current thread (0x000000001aa16800):  JavaThread "C2 CompilerThread2" daemon [_thread_in_native, id=11272, stack(0x000000001b360000,0x000000001b460000)]

Stack: [0x000000001b360000,0x000000001b460000]
[error occurred during error reporting (printing stack bounds), id 0xc0000005]

Native frames: (J=compiled Java code, j=interpreted, Vv=VM code, C=native code)


Current CompileTask:
C2:   8947 5272 % !   4       org.springframework.core.annotation.AnnotatedElementUtils::searchWithFindSemantics @ 264 (774 bytes)


---------------  P R O C E S S  ---------------

Java Threads: ( => current thread )
  0x0000000023d68800 JavaThread "lettuce-nioEventLoop-4-8" daemon [_thread_blocked, id=11312, stack(0x0000000028690000,0x0000000028790000)]
  0x0000000023d6a800 JavaThread "lettuce-nioEventLoop-4-7" daemon [_thread_blocked, id=14184, stack(0x0000000028590000,0x0000000028690000)]
  0x0000000023d6f000 JavaThread "lettuce-nioEventLoop-4-6" daemon [_thread_blocked, id=9552, stack(0x0000000028490000,0x0000000028590000)]
  0x0000000023d6e800 JavaThread "lettuce-nioEventLoop-4-5" daemon [_thread_blocked, id=18772, stack(0x0000000028390000,0x0000000028490000)]
  0x0000000023d6d000 JavaThread "lettuce-nioEventLoop-4-4" daemon [_thread_blocked, id=6052, stack(0x0000000028290000,0x0000000028390000)]
  0x0000000023d6a000 JavaThread "lettuce-nioEventLoop-4-3" daemon [_thread_blocked, id=18560, stack(0x0000000028190000,0x0000000028290000)]
  0x0000000023d6c000 JavaThread "lettuce-nioEventLoop-4-2" daemon [_thread_blocked, id=18600, stack(0x0000000028090000,0x0000000028190000)]
  0x0000000023d6b800 JavaThread "Thread-2" [_thread_blocked, id=3328, stack(0x0000000027e90000,0x0000000027f90000)]
  0x0000000023d6d800 JavaThread "Okio Watchdog" daemon [_thread_blocked, id=9152, stack(0x0000000027d90000,0x0000000027e90000)]
  0x000000001cadc800 JavaThread "OkHttp ConnectionPool" daemon [_thread_blocked, id=5040, stack(0x0000000027c90000,0x0000000027d90000)]
  0x000000001cae0800 JavaThread "HikariPool-1 connection adder" daemon [_thread_blocked, id=16456, stack(0x0000000027a90000,0x0000000027b90000)]
  0x000000001cae1800 JavaThread "lettuce-eventExecutorLoop-1-8" daemon [_thread_blocked, id=1268, stack(0x0000000027990000,0x0000000027a90000)]
  0x000000001cade000 JavaThread "lettuce-eventExecutorLoop-1-7" daemon [_thread_blocked, id=18496, stack(0x0000000027890000,0x0000000027990000)]
  0x000000001cadd800 JavaThread "lettuce-eventExecutorLoop-1-6" daemon [_thread_blocked, id=18904, stack(0x0000000027790000,0x0000000027890000)]
  0x000000001cadb000 JavaThread "lettuce-eventExecutorLoop-1-5" daemon [_thread_blocked, id=9488, stack(0x0000000027690000,0x0000000027790000)]
  0x000000001cae2000 JavaThread "lettuce-eventExecutorLoop-1-4" daemon [_thread_blocked, id=18488, stack(0x0000000027590000,0x0000000027690000)]
  0x000000001cae0000 JavaThread "lettuce-eventExecutorLoop-1-3" daemon [_thread_blocked, id=6268, stack(0x0000000027490000,0x0000000027590000)]
  0x000000001cadf000 JavaThread "lettuce-eventExecutorLoop-1-2" daemon [_thread_blocked, id=19220, stack(0x0000000024f80000,0x0000000025080000)]
  0x00000000225ed800 JavaThread "HikariPool-1 housekeeper" daemon [_thread_blocked, id=14188, stack(0x0000000024e80000,0x0000000024f80000)]
  0x000000001ba62800 JavaThread "lettuce-eventExecutorLoop-1-1" daemon [_thread_blocked, id=9464, stack(0x00000000246d0000,0x00000000247d0000)]
  0x0000000022523800 JavaThread "lettuce-nioEventLoop-4-1" daemon [_thread_blocked, id=16992, stack(0x00000000244d0000,0x00000000245d0000)]
  0x000000001fec5000 JavaThread "mysql-cj-abandoned-connection-cleanup" daemon [_thread_blocked, id=5404, stack(0x0000000021710000,0x0000000021810000)]
  0x000000001aad6000 JavaThread "Service Thread" daemon [_thread_blocked, id=2920, stack(0x000000001b560000,0x000000001b660000)]
  0x000000001aa1b000 JavaThread "C1 CompilerThread3" daemon [_thread_blocked, id=17496, stack(0x000000001b460000,0x000000001b560000)]
=>0x000000001aa16800 JavaThread "C2 CompilerThread2" daemon [_thread_in_native, id=11272, stack(0x000000001b360000,0x000000001b460000)]
  0x000000001aa11000 JavaThread "C2 CompilerThread1" daemon [_thread_blocked, id=1392, stack(0x000000001b260000,0x000000001b360000)]
  0x000000001aa0f800 JavaThread "C2 CompilerThread0" daemon [_thread_blocked, id=19068, stack(0x000000001b160000,0x000000001b260000)]
  0x000000001aa03800 JavaThread "Monitor Ctrl-Break" daemon [_thread_in_native, id=7072, stack(0x000000001b060000,0x000000001b160000)]
  0x000000001a9f1800 JavaThread "Attach Listener" daemon [_thread_blocked, id=15468, stack(0x000000001af60000,0x000000001b060000)]
  0x000000001a9f0800 JavaThread "Signal Dispatcher" daemon [_thread_blocked, id=12608, stack(0x000000001ae60000,0x000000001af60000)]
  0x00000000038de000 JavaThread "Finalizer" daemon [_thread_blocked, id=15708, stack(0x000000001ad60000,0x000000001ae60000)]
  0x0000000018a5b800 JavaThread "Reference Handler" daemon [_thread_blocked, id=7088, stack(0x000000001a860000,0x000000001a960000)]
  0x00000000036de000 JavaThread "main" [_thread_blocked, id=14268, stack(0x00000000036e0000,0x00000000037e0000)]

Other Threads:
  0x0000000018a57000 VMThread [stack: 0x000000001a760000,0x000000001a860000] [id=19268]
  0x000000001aadf000 WatcherThread [stack: 0x000000001b660000,0x000000001b760000] [id=7852]

VM state:not at safepoint (normal execution)

VM Mutex/Monitor currently owned by a thread: None

Heap:
 PSYoungGen      total 254976K, used 32104K [0x00000000d5f80000, 0x00000000eaa80000, 0x0000000100000000)
  eden space 239616K, 13% used [0x00000000d5f80000,0x00000000d7eda318,0x00000000e4980000)
  from space 15360K, 0% used [0x00000000e4980000,0x00000000e4980000,0x00000000e5880000)
  to   space 18432K, 0% used [0x00000000e9880000,0x00000000e9880000,0x00000000eaa80000)
 ParOldGen       total 81920K, used 28725K [0x0000000081e00000, 0x0000000086e00000, 0x00000000d5f80000)
  object space 81920K, 35% used [0x0000000081e00000,0x0000000083a0d650,0x0000000086e00000)
 Metaspace       used 58171K, capacity 60526K, committed 60800K, reserved 1101824K
  class space    used 7327K, capacity 7780K, committed 7808K, reserved 1048576K

Card table byte_map: [0x0000000012eb0000,0x00000000132b0000] byte_map_base: 0x0000000012aa1000

Marking Bits: (ParMarkBitMap*) 0x000000006b2718f0
 Begin Bits: [0x0000000013d60000, 0x0000000015ce8000)
 End Bits:   [0x0000000015ce8000, 0x0000000017c70000)

Polling page: 0x0000000001a10000

CodeCache: size=245760Kb used=16888Kb max_used=18095Kb free=228871Kb
 bounds [0x0000000003af0000, 0x0000000004cc0000, 0x0000000012af0000]
 total_blobs=5328 nmethods=4531 adapters=710
 compilation: enabled

Compilation events (10 events):
Event: 8.887 Thread 0x000000001aa11000 nmethod 5263 0x0000000003e2e7d0 code [0x0000000003e2ea20, 0x0000000003e30130]
Event: 8.887 Thread 0x000000001aa11000 5276       4       java.util.concurrent.ConcurrentHashMap$Traverser::advance (188 bytes)
Event: 8.889 Thread 0x000000001aa0f800 nmethod 5262 0x0000000003d153d0 code [0x0000000003d15620, 0x0000000003d16cf0]
Event: 8.890 Thread 0x000000001aa1b000 5286       3       sun.invoke.util.Wrapper::isDoubleWord (15 bytes)
Event: 8.890 Thread 0x000000001aa11000 nmethod 5276 0x00000000045ce5d0 code [0x00000000045ce720, 0x00000000045ce8f8]
Event: 8.890 Thread 0x000000001aa1b000 nmethod 5286 0x0000000003d15050 code [0x0000000003d151a0, 0x0000000003d15350]
Event: 8.890 Thread 0x000000001aa0f800 5288       4       sun.invoke.util.BytecodeDescriptor::unparseSig (75 bytes)
Event: 8.891 Thread 0x000000001aa1b000 5292       3       jdk.internal.org.objectweb.asm.Frame::set (65 bytes)
Event: 8.891 Thread 0x000000001aa1b000 nmethod 5292 0x0000000004883090 code [0x0000000004883220, 0x00000000048836e8]
Event: 8.920 Thread 0x000000001aa0f800 nmethod 5288 0x000000000465a350 code [0x000000000465a520, 0x000000000465ba98]

GC Heap History (10 events):
Event: 3.361 GC heap before
{Heap before GC invocations=10 (full 2):
 PSYoungGen      total 198656K, used 9434K [0x00000000d5f80000, 0x00000000e4a80000, 0x0000000100000000)
  eden space 187392K, 0% used [0x00000000d5f80000,0x00000000d5f80000,0x00000000e1680000)
  from space 11264K, 83% used [0x00000000e2200000,0x00000000e2b36890,0x00000000e2d00000)
  to   space 11776K, 0% used [0x00000000e1680000,0x00000000e1680000,0x00000000e2200000)
 ParOldGen       total 53248K, used 10876K [0x0000000081e00000, 0x0000000085200000, 0x00000000d5f80000)
  object space 53248K, 20% used [0x0000000081e00000,0x000000008289f338,0x0000000085200000)
 Metaspace       used 34200K, capacity 35288K, committed 35496K, reserved 1081344K
  class space    used 4249K, capacity 4492K, committed 4608K, reserved 1048576K
Event: 3.414 GC heap after
Heap after GC invocations=10 (full 2):
 PSYoungGen      total 198656K, used 0K [0x00000000d5f80000, 0x00000000e4a80000, 0x0000000100000000)
  eden space 187392K, 0% used [0x00000000d5f80000,0x00000000d5f80000,0x00000000e1680000)
  from space 11264K, 0% used [0x00000000e2200000,0x00000000e2200000,0x00000000e2d00000)
  to   space 11776K, 0% used [0x00000000e1680000,0x00000000e1680000,0x00000000e2200000)
 ParOldGen       total 81920K, used 14780K [0x0000000081e00000, 0x0000000086e00000, 0x00000000d5f80000)
  object space 81920K, 18% used [0x0000000081e00000,0x0000000082c6f128,0x0000000086e00000)
 Metaspace       used 34200K, capacity 35288K, committed 35496K, reserved 1081344K
  class space    used 4249K, capacity 4492K, committed 4608K, reserved 1048576K
}
Event: 5.052 GC heap before
{Heap before GC invocations=11 (full 2):
 PSYoungGen      total 198656K, used 187392K [0x00000000d5f80000, 0x00000000e4a80000, 0x0000000100000000)
  eden space 187392K, 100% used [0x00000000d5f80000,0x00000000e1680000,0x00000000e1680000)
  from space 11264K, 0% used [0x00000000e2200000,0x00000000e2200000,0x00000000e2d00000)
  to   space 11776K, 0% used [0x00000000e1680000,0x00000000e1680000,0x00000000e2200000)
 ParOldGen       total 81920K, used 14780K [0x0000000081e00000, 0x0000000086e00000, 0x00000000d5f80000)
  object space 81920K, 18% used [0x0000000081e00000,0x0000000082c6f128,0x0000000086e00000)
 Metaspace       used 43021K, capacity 44782K, committed 44800K, reserved 1087488K
  class space    used 5515K, capacity 5871K, committed 5888K, reserved 1048576K
Event: 5.067 GC heap after
Heap after GC invocations=11 (full 2):
 PSYoungGen      total 199168K, used 11759K [0x00000000d5f80000, 0x00000000e6680000, 0x0000000100000000)
  eden space 187392K, 0% used [0x00000000d5f80000,0x00000000d5f80000,0x00000000e1680000)
  from space 11776K, 99% used [0x00000000e1680000,0x00000000e21fbd38,0x00000000e2200000)
  to   space 13824K, 0% used [0x00000000e5900000,0x00000000e5900000,0x00000000e6680000)
 ParOldGen       total 81920K, used 16679K [0x0000000081e00000, 0x0000000086e00000, 0x00000000d5f80000)
  object space 81920K, 20% used [0x0000000081e00000,0x0000000082e49e18,0x0000000086e00000)
 Metaspace       used 43021K, capacity 44782K, committed 44800K, reserved 1087488K
  class space    used 5515K, capacity 5871K, committed 5888K, reserved 1048576K
}
Event: 6.175 GC heap before
{Heap before GC invocations=12 (full 2):
 PSYoungGen      total 199168K, used 199151K [0x00000000d5f80000, 0x00000000e6680000, 0x0000000100000000)
  eden space 187392K, 100% used [0x00000000d5f80000,0x00000000e1680000,0x00000000e1680000)
  from space 11776K, 99% used [0x00000000e1680000,0x00000000e21fbd38,0x00000000e2200000)
  to   space 13824K, 0% used [0x00000000e5900000,0x00000000e5900000,0x00000000e6680000)
 ParOldGen       total 81920K, used 16679K [0x0000000081e00000, 0x0000000086e00000, 0x00000000d5f80000)
  object space 81920K, 20% used [0x0000000081e00000,0x0000000082e49e18,0x0000000086e00000)
 Metaspace       used 48265K, capacity 50324K, committed 50432K, reserved 1093632K
  class space    used 6173K, capacity 6571K, committed 6656K, reserved 1048576K
Event: 6.192 GC heap after
Heap after GC invocations=12 (full 2):
 PSYoungGen      total 253440K, used 13657K [0x00000000d5f80000, 0x00000000e6780000, 0x0000000100000000)
  eden space 239616K, 0% used [0x00000000d5f80000,0x00000000d5f80000,0x00000000e4980000)
  from space 13824K, 98% used [0x00000000e5900000,0x00000000e6656480,0x00000000e6680000)
  to   space 15360K, 0% used [0x00000000e4980000,0x00000000e4980000,0x00000000e5880000)
 ParOldGen       total 81920K, used 16687K [0x0000000081e00000, 0x0000000086e00000, 0x00000000d5f80000)
  object space 81920K, 20% used [0x0000000081e00000,0x0000000082e4be18,0x0000000086e00000)
 Metaspace       used 48265K, capacity 50324K, committed 50432K, reserved 1093632K
  class space    used 6173K, capacity 6571K, committed 6656K, reserved 1048576K
}
Event: 7.513 GC heap before
{Heap before GC invocations=13 (full 2):
 PSYoungGen      total 253440K, used 100500K [0x00000000d5f80000, 0x00000000e6780000, 0x0000000100000000)
  eden space 239616K, 36% used [0x00000000d5f80000,0x00000000db44eca0,0x00000000e4980000)
  from space 13824K, 98% used [0x00000000e5900000,0x00000000e6656480,0x00000000e6680000)
  to   space 15360K, 0% used [0x00000000e4980000,0x00000000e4980000,0x00000000e5880000)
 ParOldGen       total 81920K, used 16687K [0x0000000081e00000, 0x0000000086e00000, 0x00000000d5f80000)
  object space 81920K, 20% used [0x0000000081e00000,0x0000000082e4be18,0x0000000086e00000)
 Metaspace       used 56707K, capacity 58982K, committed 59136K, reserved 1101824K
  class space    used 7152K, capacity 7584K, committed 7680K, reserved 1048576K
Event: 7.528 GC heap after
Heap after GC invocations=13 (full 2):
 PSYoungGen      total 254976K, used 15330K [0x00000000d5f80000, 0x00000000eaa80000, 0x0000000100000000)
  eden space 239616K, 0% used [0x00000000d5f80000,0x00000000d5f80000,0x00000000e4980000)
  from space 15360K, 99% used [0x00000000e4980000,0x00000000e5878a38,0x00000000e5880000)
  to   space 18432K, 0% used [0x00000000e9880000,0x00000000e9880000,0x00000000eaa80000)
 ParOldGen       total 81920K, used 20105K [0x0000000081e00000, 0x0000000086e00000, 0x00000000d5f80000)
  object space 81920K, 24% used [0x0000000081e00000,0x00000000831a2568,0x0000000086e00000)
 Metaspace       used 56707K, capacity 58982K, committed 59136K, reserved 1101824K
  class space    used 7152K, capacity 7584K, committed 7680K, reserved 1048576K
}
Event: 7.528 GC heap before
{Heap before GC invocations=14 (full 3):
 PSYoungGen      total 254976K, used 15330K [0x00000000d5f80000, 0x00000000eaa80000, 0x0000000100000000)
  eden space 239616K, 0% used [0x00000000d5f80000,0x00000000d5f80000,0x00000000e4980000)
  from space 15360K, 99% used [0x00000000e4980000,0x00000000e5878a38,0x00000000e5880000)
  to   space 18432K, 0% used [0x00000000e9880000,0x00000000e9880000,0x00000000eaa80000)
 ParOldGen       total 81920K, used 20105K [0x0000000081e00000, 0x0000000086e00000, 0x00000000d5f80000)
  object space 81920K, 24% used [0x0000000081e00000,0x00000000831a2568,0x0000000086e00000)
 Metaspace       used 56707K, capacity 58982K, committed 59136K, reserved 1101824K
  class space    used 7152K, capacity 7584K, committed 7680K, reserved 1048576K
Event: 7.674 GC heap after
Heap after GC invocations=14 (full 3):
 PSYoungGen      total 254976K, used 0K [0x00000000d5f80000, 0x00000000eaa80000, 0x0000000100000000)
  eden space 239616K, 0% used [0x00000000d5f80000,0x00000000d5f80000,0x00000000e4980000)
  from space 15360K, 0% used [0x00000000e4980000,0x00000000e4980000,0x00000000e5880000)
  to   space 18432K, 0% used [0x00000000e9880000,0x00000000e9880000,0x00000000eaa80000)
 ParOldGen       total 81920K, used 28725K [0x0000000081e00000, 0x0000000086e00000, 0x00000000d5f80000)
  object space 81920K, 35% used [0x0000000081e00000,0x0000000083a0d650,0x0000000086e00000)
 Metaspace       used 56707K, capacity 58982K, committed 59136K, reserved 1101824K
  class space    used 7152K, capacity 7584K, committed 7680K, reserved 1048576K
}

Deoptimization events (10 events):
Event: 7.712 Thread 0x000000001cadc000 Uncommon trap: reason=class_check action=maybe_recompile pc=0x000000000442bd1c method=java.io.BufferedInputStream.read1([BII)I @ 39
Event: 7.722 Thread 0x000000001cadc000 Uncommon trap: reason=unstable_if action=reinterpret pc=0x00000000042baf3c method=java.lang.CharacterDataLatin1.isWhitespace(I)Z @ 14
Event: 7.723 Thread 0x000000001cadc000 Uncommon trap: reason=unstable_if action=reinterpret pc=0x0000000003e0aabc method=java.lang.CharacterDataLatin1.isWhitespace(I)Z @ 14
Event: 8.135 Thread 0x000000001cadc000 Uncommon trap: reason=unstable_if action=reinterpret pc=0x0000000003e9ea5c method=java.util.Arrays.equals([B[B)Z @ 23
Event: 8.142 Thread 0x000000001cadc000 Uncommon trap: reason=class_check action=maybe_recompile pc=0x00000000048b0168 method=sun.security.util.AbstractAlgorithmConstraints.checkAlgorithm([Ljava/lang/String;Ljava/lang/String;Lsun/security/util/AlgorithmDecomposer;)Z @ 81
Event: 8.143 Thread 0x000000001cadc000 Uncommon trap: reason=class_check action=maybe_recompile pc=0x00000000048b0168 method=sun.security.util.AbstractAlgorithmConstraints.checkAlgorithm([Ljava/lang/String;Ljava/lang/String;Lsun/security/util/AlgorithmDecomposer;)Z @ 81
Event: 8.143 Thread 0x000000001cadc000 Uncommon trap: reason=class_check action=maybe_recompile pc=0x00000000048b0168 method=sun.security.util.AbstractAlgorithmConstraints.checkAlgorithm([Ljava/lang/String;Ljava/lang/String;Lsun/security/util/AlgorithmDecomposer;)Z @ 81
Event: 8.143 Thread 0x000000001cadc000 Uncommon trap: reason=class_check action=maybe_recompile pc=0x00000000048b0168 method=sun.security.util.AbstractAlgorithmConstraints.checkAlgorithm([Ljava/lang/String;Ljava/lang/String;Lsun/security/util/AlgorithmDecomposer;)Z @ 81
Event: 8.815 Thread 0x000000001cadc000 Uncommon trap: reason=unstable_if action=reinterpret pc=0x0000000003e3d5b0 method=java.io.ByteArrayInputStream.read([BII)I @ 63
Event: 8.831 Thread 0x000000001cadc000 Uncommon trap: reason=unstable_if action=reinterpret pc=0x0000000003c87d64 method=java.util.Properties.loadConvert([CII[C)Ljava/lang/String; @ 72

Internal exceptions (10 events):
Event: 5.958 Thread 0x00000000036de000 Exception <a 'java/lang/ClassNotFoundException': org/springframework/beans/factory/DisposableBeanCustomizer> (0x00000000dfec79b8) thrown at [C:\src\android\AOSP-openjdk\external\jetbrains\jdk\hotspot\src\share\vm\classfile\systemDictionary.cpp, line 210]
Event: 5.961 Thread 0x00000000036de000 Exception <a 'java/lang/ClassNotFoundException': java/lang/ObjectCustomizer> (0x00000000dff23878) thrown at [C:\src\android\AOSP-openjdk\external\jetbrains\jdk\hotspot\src\share\vm\classfile\systemDictionary.cpp, line 210]
Event: 5.961 Thread 0x00000000036de000 Exception <a 'java/lang/ClassNotFoundException': org/springframework/web/multipart/support/StandardServletMultipartResolverCustomizer> (0x00000000dff4d0b0) thrown at [C:\src\android\AOSP-openjdk\external\jetbrains\jdk\hotspot\src\share\vm\classfile\systemD}™ƒû\Ø@
Event: 5.961 Thread 0x00000000036de000 Exception <a 'java/lang/ClassNotFoundException': org/springframework/web/multipart/MultipartResolverCustomizer> (0x00000000dff70398) thrown at [C:\src\android\AOSP-openjdk\external\jetbrains\jdk\hotspot\src\share\vm\classfile\systemDictionary.cpp, line 210F]kïS%@
Event: 6.036 Thread 0x00000000036de000 Exception <a 'java/lang/ClassNotFoundException': java/lang/ObjectCustomizer> (0x00000000e05eb718) thrown at [C:\src\android\AOSP-openjdk\external\jetbrains\jdk\hotspot\src\share\vm\classfile\systemDictionary.cpp, line 210]
Event: 6.037 Thread 0x00000000036de000 Exception <a 'java/lang/ClassNotFoundException': com/rss/zcx/demo/DemoApplicationTestsCustomizer> (0x00000000e0608150) thrown at [C:\src\android\AOSP-openjdk\external\jetbrains\jdk\hotspot\src\share\vm\classfile\systemDictionary.cpp, line 210]
Event: 7.132 Thread 0x00000000036de000 Implicit null exception at 0x000000000475bcbd to 0x000000000475c141
Event: 8.874 Thread 0x0000000023d6b800 Exception <a 'java/lang/NoSuchMethodError': java.lang.Object.lambda$toStream$0(Ljava/util/Optional;)Ljava/util/stream/Stream;> (0x00000000d77885a0) thrown at [C:\src\android\AOSP-openjdk\external\jetbrains\jdk\hotspot\src\share\vm\interpreter\linkResolver.‚Û$PÀ!@
Event: 8.875 Thread 0x0000000023d6b800 Exception <a 'java/lang/NoSuchMethodError': java.lang.Object.of(Ljava/lang/Object;)Ljava/util/stream/Stream;> (0x00000000d77915c0) thrown at [C:\src\android\AOSP-openjdk\external\jetbrains\jdk\hotspot\src\share\vm\interpreter\linkResolver.cpp, line 582]
Event: 8.876 Thread 0x0000000023d6b800 Exception <a 'java/lang/NoSuchMethodError': java.lang.Object.empty()Ljava/util/stream/Stream;> (0x00000000d7794e00) thrown at [C:\src\android\AOSP-openjdk\external\jetbrains\jdk\hotspot\src\share\vm\interpreter\linkResolver.cpp, line 582]

Events (10 events):
Event: 8.895 loading class io/netty/util/concurrent/DefaultPromise
Event: 8.895 loading class io/netty/util/concurrent/DefaultPromise done
Event: 8.896 loading class io/netty/util/concurrent/DefaultPromise
Event: 8.896 loading class io/netty/util/concurrent/DefaultPromise done
Event: 8.897 loading class java/util/concurrent/CompletableFuture$BiRelay
Event: 8.897 loading class java/util/concurrent/CompletableFuture$BiCompletion
Event: 8.897 loading class java/util/concurrent/CompletableFuture$BiCompletion done
Event: 8.897 loading class java/util/concurrent/CompletableFuture$BiRelay done
Event: 8.897 loading class java/util/concurrent/CompletableFuture$UniRelay
Event: 8.897 loading class java/util/concurrent/CompletableFuture$UniRelay done


Dynamic libraries:
0x00007ff6c38c0000 - 0x00007ff6c38f1000 	E:\android studio\jre\bin\java.exe
0x00007ffd6cff0000 - 0x00007ffd6d1d1000 	C:\WINDOWS\SYSTEM32\ntdll.dll
0x00007ffd6a4e0000 - 0x00007ffd6a591000 	C:\WINDOWS\System32\KERNEL32.DLL
0x00007ffd693c0000 - 0x00007ffd69633000 	C:\WINDOWS\System32\KERNELBASE.dll
0x00007ffd6c300000 - 0x00007ffd6c3a1000 	C:\WINDOWS\System32\ADVAPI32.dll
0x00007ffd6bfa0000 - 0x00007ffd6c03e000 	C:\WINDOWS\System32\msvcrt.dll
0x00007ffd6c040000 - 0x00007ffd6c09b000 	C:\WINDOWS\System32\sechost.dll
0x00007ffd6c870000 - 0x00007ffd6c994000 	C:\WINDOWS\System32\RPCRT4.dll
0x00007ffd6cdc0000 - 0x00007ffd6cf50000 	C:\WINDOWS\System32\USER32.dll
0x00007ffd696c0000 - 0x00007ffd696e0000 	C:\WINDOWS\System32\win32u.dll
0x00007ffd6a770000 - 0x00007ffd6a798000 	C:\WINDOWS\System32\GDI32.dll
0x00007ffd6a1e0000 - 0x00007ffd6a372000 	C:\WINDOWS\System32\gdi32full.dll
0x00007ffd69840000 - 0x00007ffd698df000 	C:\WINDOWS\System32\msvcp_win.dll
0x00007ffd696e0000 - 0x00007ffd697d8000 	C:\WINDOWS\System32\ucrtbase.dll
0x00007ffd61c40000 - 0x00007ffd61ea9000 	C:\WINDOWS\WinSxS\amd64_microsoft.windows.common-controls_6595b64144ccf1df_6.0.17134.765_none_fb42a1a930655896\COMCTL32.dll
0x00007ffd6a830000 - 0x00007ffd6ab52000 	C:\WINDOWS\System32\combase.dll
0x00007ffd69640000 - 0x00007ffd696ba000 	C:\WINDOWS\System32\bcryptPrimitives.dll
0x00007ffd6cb00000 - 0x00007ffd6cb2d000 	C:\WINDOWS\System32\IMM32.DLL
0x000000006b2f0000 - 0x000000006b3c2000 	E:\android studio\jre\jre\bin\msvcr100.dll
0x000000006aab0000 - 0x000000006b2ec000 	E:\android studio\jre\jre\bin\server\jvm.dll
0x00007ffd6a7a0000 - 0x00007ffd6a7a8000 	C:\WINDOWS\System32\PSAPI.DLL
0x00007ffd5bad0000 - 0x00007ffd5baf3000 	C:\WINDOWS\SYSTEM32\WINMM.dll
0x00007ffd63370000 - 0x00007ffd63379000 	C:\WINDOWS\SYSTEM32\WSOCK32.dll
0x00007ffd655a0000 - 0x00007ffd655aa000 	C:\WINDOWS\SYSTEM32\VERSION.dll
0x00007ffd6cf50000 - 0x00007ffd6cfbc000 	C:\WINDOWS\System32\WS2_32.dll
0x00007ffd5baa0000 - 0x00007ffd5baca000 	C:\WINDOWS\SYSTEM32\WINMMBASE.dll
0x00007ffd6a380000 - 0x00007ffd6a3c9000 	C:\WINDOWS\System32\cfgmgr32.dll
0x00007ffd66210000 - 0x00007ffd6621f000 	E:\android studio\jre\jre\bin\verify.dll
0x00007ffd661d0000 - 0x00007ffd661f9000 	E:\android studio\jre\jre\bin\java.dll
0x00007ffd4f500000 - 0x00007ffd4f523000 	E:\android studio\jre\jre\bin\instrument.dll
0x00007ffd661b0000 - 0x00007ffd661c6000 	E:\android studio\jre\jre\bin\zip.dll
0x00007ffd6ab60000 - 0x00007ffd6bfa0000 	C:\WINDOWS\System32\SHELL32.dll
0x00007ffd6c250000 - 0x00007ffd6c2f9000 	C:\WINDOWS\System32\shcore.dll
0x00007ffd698e0000 - 0x00007ffd69fed000 	C:\WINDOWS\System32\windows.storage.dll
0x00007ffd6a670000 - 0x00007ffd6a6c1000 	C:\WINDOWS\System32\shlwapi.dll
0x00007ffd693a0000 - 0x00007ffd693b1000 	C:\WINDOWS\System32\kernel.appcore.dll
0x00007ffd69360000 - 0x00007ffd6937f000 	C:\WINDOWS\System32\profapi.dll
0x00007ffd69300000 - 0x00007ffd6934c000 	C:\WINDOWS\System32\powrprof.dll
0x00007ffd69350000 - 0x00007ffd6935a000 	C:\WINDOWS\System32\FLTLIB.DLL
0x00007ffd634a0000 - 0x00007ffd634ba000 	H:\idea\IntelliJ IDEA 2019.1\bin\breakgen64.dll
0x00007ffd51680000 - 0x00007ffd5169a000 	E:\android studio\jre\jre\bin\net.dll
0x00007ffd68ad0000 - 0x00007ffd68b36000 	C:\WINDOWS\system32\mswsock.dll
0x00007ffd4f440000 - 0x00007ffd4f451000 	E:\android studio\jre\jre\bin\nio.dll
0x00007ffd66150000 - 0x00007ffd6615d000 	E:\android studio\jre\jre\bin\management.dll
0x00007ffd537d0000 - 0x00007ffd537e6000 	C:\WINDOWS\system32\napinsp.dll
0x00007ffd537b0000 - 0x00007ffd537ca000 	C:\WINDOWS\system32\pnrpnsp.dll
0x00007ffd66100000 - 0x00007ffd66119000 	C:\WINDOWS\system32\NLAapi.dll
0x00007ffd688a0000 - 0x00007ffd6895e000 	C:\WINDOWS\SYSTEM32\DNSAPI.dll
0x00007ffd6c860000 - 0x00007ffd6c868000 	C:\WINDOWS\System32\NSI.dll
0x00007ffd68860000 - 0x00007ffd68898000 	C:\WINDOWS\SYSTEM32\IPHLPAPI.DLL
0x00007ffd537a0000 - 0x00007ffd537ae000 	C:\WINDOWS\System32\winrnr.dll
0x00007ffd63cd0000 - 0x00007ffd63cda000 	C:\Windows\System32\rasadhlp.dll
0x00007ffd64320000 - 0x00007ffd64392000 	C:\WINDOWS\System32\fwpuclnt.dll
0x00007ffd68ea0000 - 0x00007ffd68ec5000 	C:\WINDOWS\SYSTEM32\bcrypt.dll
0x00007ffd4d700000 - 0x00007ffd4d724000 	E:\android studio\jre\jre\bin\sunec.dll
0x00007ffd69080000 - 0x00007ffd69097000 	C:\WINDOWS\SYSTEM32\CRYPTSP.dll
0x00007ffd686c0000 - 0x00007ffd686f3000 	C:\WINDOWS\system32\rsaenh.dll
0x00007ffd69200000 - 0x00007ffd69228000 	C:\WINDOWS\SYSTEM32\USERENV.dll
0x00007ffd68c30000 - 0x00007ffd68c3b000 	C:\WINDOWS\SYSTEM32\CRYPTBASE.dll
0x00007ffd64bb0000 - 0x00007ffd64bc6000 	C:\WINDOWS\SYSTEM32\dhcpcsvc6.DLL
0x00007ffd64b90000 - 0x00007ffd64baa000 	C:\WINDOWS\SYSTEM32\dhcpcsvc.DLL
0x00007ffd65c80000 - 0x00007ffd65c8b000 	E:\android studio\jre\jre\bin\sunmscapi.dll
0x00007ffd69ff0000 - 0x00007ffd6a1d2000 	C:\WINDOWS\System32\CRYPT32.dll
0x00007ffd69380000 - 0x00007ffd69392000 	C:\WINDOWS\System32\MSASN1.dll

VM Arguments:
jvm_args: -ea -Didea.test.cyclic.buffer.size=1048576 -javaagent:H:\idea\IntelliJ IDEA 2019.1\lib\idea_rt.jar=49366:H:\idea\IntelliJ IDEA 2019.1\bin -Dfile.encoding=UTF-8 
java_command: com.intellij.rt.execution.junit.JUnitStarter -ideVersion5 -junit4 com.rss.zcx.demo.DemoApplicationTests,testObj
java_class_path (initial): H:\idea\IntelliJ IDEA 2019.1\lib\idea_rt.jar;H:\idea\IntelliJ IDEA 2019.1\plugins\junit\lib\junit-rt.jar;H:\idea\IntelliJ IDEA 2019.1\plugins\junit\lib\junit5-rt.jar;E:\android studio\jre\jre\lib\charsets.jar;E:\android studio\jre\jre\lib\ext\access-bridge-64.jar;E:\android studio\jre\jre\lib\ext\cldrdata.jar;E:\android studio\jre\jre\lib\ext\dnsns.jar;E:\android studio\jre\jre\lib\ext\jaccess.jar;E:\android studio\jre\jre\lib\ext\localedata.jar;E:\android studio\jre\jre\lib\ext\nashorn.jar;E:\android studio\jre\jre\lib\ext\sunec.jar;E:\android studio\jre\jre\lib\ext\sunjce_provider.jar;E:\android studio\jre\jre\lib\ext\sunmscapi.jar;E:\android studio\jre\jre\lib\ext\sunpkcs11.jar;E:\android studio\jre\jre\lib\ext\zipfs.jar;E:\android studio\jre\jre\lib\jce.jar;E:\android studio\jre\jre\lib\jsse.jar;E:\android studio\jre\jre\lib\management-agent.jar;E:\android studio\jre\jre\lib\resources.jar;E:\android studio\jre\jre\lib\rt.jar;D:\QQMSG\1218029121\FileRecv\demo\target\test-classes;D:\QQMSG\1218029121\FileRecv\demo\target\classes;C:\Users\Administrator\.m2\repository\org\springframework\boot\spring-boot-starter-data-redis\2.1.4.RELEASE\spring-boot-starter-data-redis-2.1.4.RELEASE.jar;C:\Users\Administrator\.m2\repository\org\springframework\boot\spring-boot-starter\2.1.4.RELEASE\spring-boot-starter-2.1.4.RELEASE.jar;C:\Users\Administrator\.m2\repository\org\springframework\boot\spring-boot\2.1.4.RELEASE\spring-boot-2.1.4.RELEASE.jar;C:\Users\Administrator\.m2\repository\org\springframework\boot\spring-boot-autoconfigure\2.1.4.RELEASE\spring-boot-autoconfigure-2.1.4.RELEASE.jar;C:\Users\Administrator\.m2\repository\org\springframework\boot\spring-boot-starter-logging\2.1.4.RELEASE\spring-boot-starter-logging-2.1.4.RELEASE.jar;C:\Users\Administrator\.m2\repository\ch\qos\logback\logback-classic\1.2.3\logback-classic-1.2.3.jar;C:\Users\Administrator\.m2\repository\ch\qos\logback\logback-core\1.2.3\logback-core-1.2.3.jar;C:\Users\Administrat
Launcher Type: SUN_STANDARD

Environment Variables:
PATH=C:\ProgramData\DockerDesktop\version-bin;C:\Program Files\Docker\Docker\Resources\bin;F:\Program Files\Python37\Scripts\;F:\Program Files\Python37\;C:\WINDOWS\system32;C:\WINDOWS;C:\WINDOWS\System32\Wbem;C:\WINDOWS\System32\WindowsPowerShell\v1.0\;E:\android studio\jre\bin;C:\WINDOWS\System32\OpenSSH\;C:\Program Files (x86)\Calibre2\;C:\Program Files\nodejs\;C:\Program Files (x86)\sbt\bin;%GRADLE_HOME%\bin;C:\Program Files (x86)\Intel\Phone Flash Tool;C:\Go\bin;F:\Program Files\PuTTY\;C:\Users\Administrator\AppData\Local\Microsoft\WindowsApps;F:\webtool\WebStorm 2018.3.4\bin;;E:\vscode\Microsoft VS Code\bin;C:\Users\Administrator\AppData\Roaming\npm;h:\Program Files\JetBrains\IntelliJ IDEA 2018.3.5\bin;;gradle-5.2.1\bin;C:\Users\Administrator\go\bin;C:\Go\bin;
USERNAME=¶Ìºü
OS=Windows_NT
PROCESSOR_IDENTIFIER=Intel64 Family 6 Model 94 Stepping 3, GenuineIntel



---------------  S Y S T E M  ---------------

OS: Windows 10.0 , 64 bit Build 17134 (10.0.17134.753)

CPU:total 8 (4 cores per cpu, 2 threads per core) family 6 model 94 stepping 3, cmov, cx8, fxsr, mmx, sse, sse2, sse3, ssse3, sse4.1, sse4.2, popcnt, avx, avx2, aes, clmul, erms, rtm, 3dnowpref, lzcnt, ht, tsc, tscinvbit, bmi1, bmi2, adx

Memory: 4k page, physical 8261160k(500000k free), swap 16008876k(5932k free)

vm_info: OpenJDK 64-Bit Server VM (25.112-b06) for windows-amd64 JRE (1.8.0_112-release-b06), built on Dec  8 2016 00:54:26 by "builder" with MS VC++ 10.0 (VS2010)

time: Thu May 23 06:12:44 2019
elapsed time: 8 seconds (0d 0h 0m 8s)

